app-index.js:33 Warning: Extra attributes from the server: class Error Component Stack
    at body (<anonymous>)
    at html (<anonymous>)
    at RedirectErrorBoundary (redirect-boundary.js:77:9)
    at RedirectBoundary (redirect-boundary.js:85:11)
    at NotFoundErrorBoundary (not-found-boundary.js:78:9)
    at NotFoundBoundary (not-found-boundary.js:86:11)
    at DevRootNotFoundBoundary (dev-root-not-found-boundary.js:37:11)
    at ReactDevOverlay (ReactDevOverlay.js:84:9)
    at HotReload (hot-reloader-client.js:328:11)
    at Router (app-router.js:190:11)
    at ErrorBoundaryHandler (error-boundary.js:120:9)
    at ErrorBoundary (error-boundary.js:166:11)
    at AppRouter (app-router.js:539:13)
    at ServerRoot (app-index.js:125:11)
    at RSCComponent (<anonymous>)
    at Root (app-index.js:135:11)
overrideMethod @ hook.js:608
window.console.error @ app-index.js:33
console.error @ hydration-error-info.js:45
printWarning @ react-dom.development.js:94
error @ react-dom.development.js:68
warnForExtraAttributes @ react-dom.development.js:32589
diffHydratedProperties @ react-dom.development.js:34970
hydrateInstance @ react-dom.development.js:35973
prepareToHydrateHostInstance @ react-dom.development.js:7299
completeWork @ react-dom.development.js:19659
completeUnitOfWork @ react-dom.development.js:25843
performUnitOfWork @ react-dom.development.js:25648
workLoopConcurrent @ react-dom.development.js:25623
renderRootConcurrent @ react-dom.development.js:25579
performConcurrentWorkOnRoot @ react-dom.development.js:24432
workLoop @ scheduler.development.js:256
flushWork @ scheduler.development.js:225
performWorkUntilDeadline @ scheduler.development.js:534
dashboard:1 Uncaught (in promise) Error: Could not establish connection. Receiving end does not exist.
dashboard:1 Uncaught (in promise) Error: Could not establish connection. Receiving end does not exist.
app-index.js:33 Warning: Prop `className` did not match. Server: "min-h-screen bg-white __text_mode_READY__" Client: "min-h-screen bg-white" Error Component Stack
    at body (<anonymous>)
    at html (<anonymous>)
    at RedirectErrorBoundary (redirect-boundary.js:77:9)
    at RedirectBoundary (redirect-boundary.js:85:11)
    at NotFoundErrorBoundary (not-found-boundary.js:78:9)
    at NotFoundBoundary (not-found-boundary.js:86:11)
    at DevRootNotFoundBoundary (dev-root-not-found-boundary.js:37:11)
    at ReactDevOverlay (ReactDevOverlay.js:84:9)
    at HotReload (hot-reloader-client.js:328:11)
    at Router (app-router.js:190:11)
    at ErrorBoundaryHandler (error-boundary.js:120:9)
    at ErrorBoundary (error-boundary.js:166:11)
    at AppRouter (app-router.js:539:13)
    at ServerRoot (app-index.js:125:11)
    at RSCComponent (<anonymous>)
    at Root (app-index.js:135:11)
overrideMethod @ hook.js:608
window.console.error @ app-index.js:33
console.error @ hydration-error-info.js:45
printWarning @ react-dom.development.js:94
error @ react-dom.development.js:68
warnForPropDifference @ react-dom.development.js:32573
hydrateAttribute @ react-dom.development.js:34141
diffHydratedGenericElement @ react-dom.development.js:34547
diffHydratedProperties @ react-dom.development.js:34966
hydrateInstance @ react-dom.development.js:35973
prepareToHydrateHostInstance @ react-dom.development.js:7299
completeWork @ react-dom.development.js:19659
completeUnitOfWork @ react-dom.development.js:25843
performUnitOfWork @ react-dom.development.js:25648
workLoopConcurrent @ react-dom.development.js:25623
renderRootConcurrent @ react-dom.development.js:25579
performConcurrentWorkOnRoot @ react-dom.development.js:24432
workLoop @ scheduler.development.js:256
flushWork @ scheduler.development.js:225
performWorkUntilDeadline @ scheduler.development.js:534
